[DEBUG worker 1] inicio
[DEBUG worker 1] after recv clen=0
[DEBUG worker 1] after recv cipher first_byte=0xb8 len=40
[DEBUG worker 1] probe saw TAG_WORK from master
[DEBUG worker 1] recv work start=0 len=65536 seed=12007244501305163553
[DEBUG worker 2] inicio
[DEBUG worker 2] after recv clen=0
[DEBUG worker 2] after recv cipher first_byte=0xb8 len=40
[DEBUG worker 3] inicio
[DEBUG worker 3] after recv clen=0
[DEBUG master] cipher_path=./files/cipher_test.bin keyword=nosuchkeyword start=0 end=999999 chunk=65536
[DEBUG master] after bcast clen=40
[DEBUG master] cipher size bytes = 40
[DEBUG master] after bcast cipher bytes sent
[DEBUG worker 3] after recv cipher first_byte=0xb8 len=40
[DEBUG worker 3] probe saw TAG_WORK from master
[DEBUG worker 3] recv work start=131072 len=65536 seed=2522665699649874758
[DEBUG worker 2] probe saw TAG_WORK from master
[DEBUG worker 2] recv work start=65536 len=65536 seed=12009829493104902225
[DEBUG worker 1] probe saw TAG_WORK from master
[DEBUG worker 1] recv work start=196608 len=65536 seed=15388257415908823882
[DEBUG worker 2] probe saw TAG_WORK from master
[DEBUG worker 2] recv work start=262144 len=65536 seed=13426538275611757058
[DEBUG worker 3] probe saw TAG_WORK from master
[DEBUG worker 3] recv work start=327680 len=65536 seed=16505659767469139049
[DEBUG worker 1] probe saw TAG_WORK from master
[DEBUG worker 1] recv work start=393216 len=65536 seed=1952526420845345386
[DEBUG worker 2] probe saw TAG_WORK from master
[DEBUG worker 2] recv work start=458752 len=65536 seed=9433103302742441048
[DEBUG worker 3] probe saw TAG_WORK from master
[DEBUG worker 3] recv work start=524288 len=65536 seed=1775758235453345707
[DEBUG worker 1] probe saw TAG_WORK from master
[DEBUG worker 1] recv work start=589824 len=65536 seed=14759193991783653260
[DEBUG worker 2] probe saw TAG_WORK from master
[DEBUG worker 2] recv work start=655360 len=65536 seed=2207434940055557326
[DEBUG worker 3] probe saw TAG_WORK from master
[DEBUG worker 3] recv work start=720896 len=65536 seed=12554480642016186261
[DEBUG worker 1] probe saw TAG_WORK from master
[DEBUG worker 1] recv work start=786432 len=65536 seed=16635549096818726462
[DEBUG worker 2] probe saw TAG_WORK from master
[DEBUG worker 2] recv work start=851968 len=65536 seed=9729344602272162449
[DEBUG worker 3] probe saw TAG_WORK from master
[DEBUG worker 3] recv work start=917504 len=65536 seed=2735875379713004277
[DEBUG worker 1] probe saw TAG_WORK from master
[DEBUG worker 1] recv work start=983040 len=16960 seed=12202868742522672630
[MASTER] NOT FOUND in range
