[DEBUG master] cipher_path=/dev/zero keyword=nosuchkeyword start=0 end=999999 chunk=65536
[DEBUG master] after bcast clen=0
[DEBUG master] cipher size bytes = 0
[DEBUG master] after bcast cipher bytes sent
[DEBUG worker 1] inicio
[DEBUG worker 1] after recv clen=0
[DEBUG worker 1] after recv cipher first_byte=0x00 len=0
[DEBUG worker 2] inicio
[DEBUG worker 2] after recv clen=0
[DEBUG worker 2] after recv cipher first_byte=0x00 len=0
[DEBUG worker 3] inicio
[DEBUG worker 3] after recv clen=0
[DEBUG worker 3] after recv cipher first_byte=0x00 len=0
[DEBUG worker 1] probe saw TAG_WORK from master
[DEBUG worker 1] recv work start=65536 len=65536 seed=16367970723982811671
[DEBUG worker 1] probe saw TAG_WORK from master
[DEBUG worker 1] recv work start=196608 len=65536 seed=11260767338335325818
[DEBUG worker 1] probe saw TAG_WORK from master
[DEBUG worker 1] recv work start=262144 len=65536 seed=1377219333890394402
[DEBUG worker 1] probe saw TAG_WORK from master
[DEBUG worker 1] recv work start=327680 len=65536 seed=12759842891891721713
[DEBUG worker 1] probe saw TAG_WORK from master
[DEBUG worker 1] recv work start=393216 len=65536 seed=11485707232286289059
[DEBUG worker 1] probe saw TAG_WORK from master
[DEBUG worker 1] recv work start=458752 len=65536 seed=5840534378136192745
[DEBUG worker 1] probe saw TAG_WORK from master
[DEBUG worker 1] recv work start=524288 len=65536 seed=13651948328058278518
[DEBUG worker 1] probe saw TAG_WORK from master
[DEBUG worker 1] recv work start=589824 len=65536 seed=8725458309139535550
[DEBUG worker 1] probe saw TAG_WORK from master
[DEBUG worker 1] recv work start=655360 len=65536 seed=8589648858242554528
[DEBUG worker 1] probe saw TAG_WORK from master
[DEBUG worker 1] recv work start=720896 len=65536 seed=11440737510412199182
[DEBUG worker 1] probe saw TAG_WORK from master
[DEBUG worker 1] recv work start=786432 len=65536 seed=17148776712084024696
[DEBUG worker 1] probe saw TAG_WORK from master
[DEBUG worker 1] recv work start=851968 len=65536 seed=10380200852036028314
[DEBUG worker 1] probe saw TAG_WORK from master
[DEBUG worker 1] recv work start=917504 len=65536 seed=1107114209604745044
[DEBUG worker 1] probe saw TAG_WORK from master
[DEBUG worker 1] recv work start=983040 len=16960 seed=15947900418299872386
[DEBUG worker 3] probe saw TAG_WORK from master
[DEBUG worker 3] recv work start=131072 len=65536 seed=1262259774218814088
[DEBUG worker 2] probe saw TAG_WORK from master
[DEBUG worker 2] recv work start=0 len=65536 seed=13738189096171789467
[MASTER] NOT FOUND in range
