[DEBUG worker 1] inicio
[DEBUG worker 1] after recv clen=0
[DEBUG master] cipher_path=./files/cipher_test.bin keyword=nosuchkeyword start=0 end=999999 chunk=65536
[DEBUG master] after bcast clen=40
[DEBUG master] cipher size bytes = 40
[DEBUG master] after bcast cipher bytes sent
[DEBUG worker 2] inicio
[DEBUG worker 2] after recv clen=0
[DEBUG worker 2] after recv cipher first_byte=0xb8 len=40
[DEBUG worker 2] probe saw TAG_WORK from master
[DEBUG worker 2] recv work start=0 len=65536 seed=1396642355159448111
[DEBUG worker 3] inicio
[DEBUG worker 3] after recv clen=0
[DEBUG worker 3] after recv cipher first_byte=0xb8 len=40
[DEBUG worker 3] probe saw TAG_WORK from master
[DEBUG worker 3] recv work start=131072 len=65536 seed=7288552167658625851
[DEBUG worker 1] after recv cipher first_byte=0xb8 len=40
[DEBUG worker 1] probe saw TAG_WORK from master
[DEBUG worker 1] recv work start=65536 len=65536 seed=16707531294190830111
[DEBUG worker 2] probe saw TAG_WORK from master
[DEBUG worker 2] recv work start=196608 len=65536 seed=16644763265091226500
[DEBUG worker 1] probe saw TAG_WORK from master
[DEBUG worker 1] recv work start=262144 len=65536 seed=7901069440059095685
[DEBUG worker 3] probe saw TAG_WORK from master
[DEBUG worker 3] recv work start=327680 len=65536 seed=6613126768396612084
[DEBUG worker 1] probe saw TAG_WORK from master
[DEBUG worker 1] recv work start=393216 len=65536 seed=10554756719649899629
[DEBUG worker 2] probe saw TAG_WORK from master
[DEBUG worker 2] recv work start=458752 len=65536 seed=17370114307005373426
[DEBUG worker 3] probe saw TAG_WORK from master
[DEBUG worker 3] recv work start=524288 len=65536 seed=4194650318174832731
[DEBUG worker 1] probe saw TAG_WORK from master
[DEBUG worker 1] recv work start=589824 len=65536 seed=12425895076660725839
[DEBUG worker 2] probe saw TAG_WORK from master
[DEBUG worker 2] recv work start=655360 len=65536 seed=18064861379850811311
[DEBUG worker 3] probe saw TAG_WORK from master
[DEBUG worker 3] recv work start=720896 len=65536 seed=14761765896752906408
[DEBUG worker 2] probe saw TAG_WORK from master
[DEBUG worker 2] recv work start=851968 len=65536 seed=5515896066812275417
[DEBUG worker 1] probe saw TAG_WORK from master
[DEBUG worker 1] recv work start=786432 len=65536 seed=11092455650161009027
[DEBUG worker 3] probe saw TAG_WORK from master
[DEBUG worker 3] recv work start=917504 len=65536 seed=7985921613335443279
[DEBUG worker 1] probe saw TAG_WORK from master
[DEBUG worker 1] recv work start=983040 len=16960 seed=15046883159237137790
[MASTER] NOT FOUND in range
